This is XeTeX, Version 3.14159265-2.6-0.99992 (TeX Live 2015/dev/Debian) (preloaded format=xelatex 2015.11.11)  8 DEC 2015 19:48
entering extended mode
 restricted \write18 enabled.
 %&-line parsing enabled.
**chapter-4.tex
(./chapter-4.tex
LaTeX2e <2014/05/01>
Babel <3.9l> and hyphenation patterns for 79 languages loaded.
! Undefined control sequence.
l.2 \chapter
            {å¯è§å…‰å¤šæ³¢æ®µOFDMç³»ç»Ÿé€Ÿç‡è‡ªé€‚åº”æŠ€æœ¯ç ”ç©¶}
The control sequence at the end of the top line
of your error message was never \def'ed. If you have
misspelled it (e.g., `\hobx'), type `I' and the correct
spelling (e.g., `I\hbox'). Otherwise just continue,
and I'll forget about whatever was undefined.


! LaTeX Error: Missing \begin{document}.

See the LaTeX manual or LaTeX Companion for explanation.
Type  H <return>  for immediate help.
 ...                                              
                                                  
l.2 \chapter{å¯
                è§å…‰å¤šæ³¢æ®µOFDMç³»ç»Ÿé€Ÿç‡è‡ªé€‚åº”æŠ€æœ¯ç ”ç©¶}
You're in trouble here.  Try typing  <return>  to proceed.
If that doesn't work, type  X <return>  to quit.

Missing character: There is no å¯ in font nullfont!
Missing character: There is no è§ in font nullfont!
Missing character: There is no å…‰ in font nullfont!
Missing character: There is no å¤š in font nullfont!
Missing character: There is no æ³¢ in font nullfont!
Missing character: There is no æ®µ in font nullfont!
Missing character: There is no O in font nullfont!
Missing character: There is no F in font nullfont!
Missing character: There is no D in font nullfont!
Missing character: There is no M in font nullfont!
Missing character: There is no ç³» in font nullfont!
Missing character: There is no ç»Ÿ in font nullfont!
Missing character: There is no é€Ÿ in font nullfont!
Missing character: There is no ç‡ in font nullfont!
Missing character: There is no è‡ª in font nullfont!
Missing character: There is no é€‚ in font nullfont!
Missing character: There is no åº” in font nullfont!
Missing character: There is no æŠ€ in font nullfont!
Missing character: There is no æœ¯ in font nullfont!
Missing character: There is no ç ” in font nullfont!
Missing character: There is no ç©¶ in font nullfont!
Missing character: There is no è‡ª in font nullfont!
Missing character: There is no é€‚ in font nullfont!
Missing character: There is no åº” in font nullfont!
Missing character: There is no ä¼  in font nullfont!
Missing character: There is no è¾“ in font nullfont!
Missing character: There is no æŠ€ in font nullfont!
Missing character: There is no æœ¯ in font nullfont!
Missing character: There is no åœ¨ in font nullfont!
Missing character: There is no ä¸Š in font nullfont!
Missing character: There is no ä¸– in font nullfont!
Missing character: There is no çºª in font nullfont!
Missing character: There is no 6 in font nullfont!
Missing character: There is no 0 in font nullfont!
Missing character: There is no å¹´ in font nullfont!
Missing character: There is no ä»£ in font nullfont!
Missing character: There is no å°± in font nullfont!
Missing character: There is no å·² in font nullfont!
Missing character: There is no ç» in font nullfont!
Missing character: There is no è¢« in font nullfont!
Missing character: There is no æ in font nullfont!
Missing character: There is no å‡º in font nullfont!
Missing character: There is no ï¼Œ in font nullfont!
Missing character: There is no å…¶ in font nullfont!
Missing character: There is no åŸº in font nullfont!
Missing character: There is no æœ¬ in font nullfont!
Missing character: There is no æ€ in font nullfont!
Missing character: There is no æƒ³ in font nullfont!
Missing character: There is no å°± in font nullfont!
Missing character: There is no æ˜¯ in font nullfont!
Missing character: There is no æ ¹ in font nullfont!
Missing character: There is no æ® in font nullfont!
Missing character: There is no å® in font nullfont!
Missing character: There is no æ—¶ in font nullfont!
Missing character: There is no çš„ in font nullfont!
Missing character: There is no ä¿¡ in font nullfont!
Missing character: There is no é“ in font nullfont!
Missing character: There is no è´¨ in font nullfont!
Missing character: There is no é‡ in font nullfont!
Missing character: There is no å†³ in font nullfont!
Missing character: There is no å®š in font nullfont!
Missing character: There is no è°ƒ in font nullfont!
Missing character: There is no åˆ¶ in font nullfont!
Missing character: There is no å‚ in font nullfont!
Missing character: There is no æ•° in font nullfont!
Missing character: There is no ï¼Œ in font nullfont!
Missing character: There is no ç›® in font nullfont!
Missing character: There is no æ ‡ in font nullfont!
Missing character: There is no æ˜¯ in font nullfont!
Missing character: There is no ä¼˜ in font nullfont!
Missing character: There is no åŒ– in font nullfont!
Missing character: There is no é€š in font nullfont!
Missing character: There is no ä¿¡ in font nullfont!
Missing character: There is no è´¨ in font nullfont!
Missing character: There is no é‡ in font nullfont!
Missing character: There is no ï¼Œ in font nullfont!
Missing character: There is no ä½† in font nullfont!
Missing character: There is no æ˜¯ in font nullfont!
Missing character: There is no å›  in font nullfont!
Missing character: There is no ä¸º in font nullfont!
Missing character: There is no å…¶ in font nullfont!
Missing character: There is no è®¡ in font nullfont!
Missing character: There is no ç®— in font nullfont!
Missing character: There is no å¤ in font nullfont!
Missing character: There is no æ‚ in font nullfont!
Missing character: There is no åº¦ in font nullfont!
Missing character: There is no å¾ˆ in font nullfont!
Missing character: There is no å¤§ in font nullfont!
Missing character: There is no ï¼Œ in font nullfont!
Missing character: There is no å® in font nullfont!
Missing character: There is no ç° in font nullfont!
Missing character: There is no å›° in font nullfont!
Missing character: There is no éš¾ in font nullfont!
Missing character: There is no è€Œ in font nullfont!
Missing character: There is no æ²¡ in font nullfont!
Missing character: There is no æœ‰ in font nullfont!
Missing character: There is no å¼• in font nullfont!
Missing character: There is no èµ· in font nullfont!
Missing character: There is no ç ” in font nullfont!
Missing character: There is no ç©¶ in font nullfont!
Missing character: There is no äºº in font nullfont!
Missing character: There is no å‘˜ in font nullfont!
Missing character: There is no è¶³ in font nullfont!
Missing character: There is no å¤Ÿ in font nullfont!
Missing character: There is no çš„ in font nullfont!
Missing character: There is no é‡ in font nullfont!
Missing character: There is no è§† in font nullfont!
Missing character: There is no [ in font nullfont!
\citation{å¾å‡Œå³°2007ofdm}
! Undefined control sequence.
<write> ...: Citation `\@citeb ' on page \thepage 
                                                  \space undefined\on@line .^^J
l.3 ...ºå‘˜è¶³å¤Ÿçš„é‡è§†\cite{å¾å‡Œå³°2007ofdm}
                                                  ï¼Œç›´åˆ°ä¸Šä¸–çºª80å¹´ä»£...
The control sequence at the end of the top line
of your error message was never \def'ed. If you have
misspelled it (e.g., `\hobx'), type `I' and the correct
spelling (e.g., `I\hbox'). Otherwise just continue,
and I'll forget about whatever was undefined.


LaTeX Warning: Citation `å¾å‡Œå³°2007ofdm' on page  undefined on input line 3.

Missing character: There is no ] in font nullfont!
Missing character: There is no ï¼Œ in font nullfont!
Missing character: There is no ç›´ in font nullfont!
Missing character: There is no åˆ° in font nullfont!
Missing character: There is no ä¸Š in font nullfont!
Missing character: There is no ä¸– in font nullfont!
Missing character: There is no çºª in font nullfont!
Missing character: There is no 8 in font nullfont!
Missing character: There is no 0 in font nullfont!
Missing character: There is no å¹´ in font nullfont!
Missing character: There is no ä»£ in font nullfont!
Missing character: There is no æœ« in font nullfont!
Missing character: There is no ï¼Œ in font nullfont!
Missing character: There is no äºº in font nullfont!
Missing character: There is no ä»¬ in font nullfont!
Missing character: There is no å¯¹ in font nullfont!
Missing character: There is no é«˜ in font nullfont!
Missing character: There is no é€Ÿ in font nullfont!
Missing character: There is no å¯ in font nullfont!
Missing character: There is no é  in font nullfont!
Missing character: There is no çš„ in font nullfont!
Missing character: There is no é€š in font nullfont!
Missing character: There is no ä¿¡ in font nullfont!
Missing character: There is no ç³» in font nullfont!
Missing character: There is no ç»Ÿ in font nullfont!
Missing character: There is no çš„ in font nullfont!
Missing character: There is no éœ€ in font nullfont!
Missing character: There is no æ±‚ in font nullfont!
Missing character: There is no è¶Š in font nullfont!
Missing character: There is no æ¥ in font nullfont!
Missing character: There is no è¶Š in font nullfont!
Missing character: There is no å¼º in font nullfont!
Missing character: There is no çƒˆ in font nullfont!
Missing character: There is no ï¼Œ in font nullfont!
Missing character: There is no åŒ in font nullfont!
Missing character: There is no æ—¶ in font nullfont!
Missing character: There is no ç”± in font nullfont!
Missing character: There is no äº in font nullfont!
Missing character: There is no æ•° in font nullfont!
Missing character: There is no å­— in font nullfont!
Missing character: There is no é›† in font nullfont!
Missing character: There is no æˆ in font nullfont!
Missing character: There is no ç”µ in font nullfont!
Missing character: There is no è·¯ in font nullfont!
Missing character: There is no çš„ in font nullfont!
Missing character: There is no å¿« in font nullfont!
Missing character: There is no é€Ÿ in font nullfont!
Missing character: There is no å‘ in font nullfont!
Missing character: There is no å±• in font nullfont!
Missing character: There is no ï¼Œ in font nullfont!
Missing character: There is no å…¶ in font nullfont!
Missing character: There is no è®¡ in font nullfont!
Missing character: There is no ç®— in font nullfont!
Missing character: There is no èƒ½ in font nullfont!
Missing character: There is no åŠ› in font nullfont!
Missing character: There is no å·² in font nullfont!
Missing character: There is no èƒ½ in font nullfont!
Missing character: There is no å¤Ÿ in font nullfont!
Missing character: There is no æ”¯ in font nullfont!
Missing character: There is no æ’‘ in font nullfont!
Missing character: There is no å¤ in font nullfont!
Missing character: There is no æ‚ in font nullfont!
Missing character: There is no çš„ in font nullfont!
Missing character: There is no ç®— in font nullfont!
Missing character: There is no æ³• in font nullfont!
Missing character: There is no ï¼Œ in font nullfont!
Missing character: There is no æ‰€ in font nullfont!
Missing character: There is no ä»¥ in font nullfont!
Missing character: There is no è‡ª in font nullfont!
Missing character: There is no é€‚ in font nullfont!
Missing character: There is no åº” in font nullfont!
Missing character: There is no ä¼  in font nullfont!
Missing character: There is no è¾“ in font nullfont!
Missing character: There is no è®¡ in font nullfont!
Missing character: There is no ç®— in font nullfont!
Missing character: There is no é‡ in font nullfont!
Missing character: There is no æ–° in font nullfont!
Missing character: There is no è¿› in font nullfont!
Missing character: There is no å…¥ in font nullfont!
Missing character: There is no ç ” in font nullfont!
Missing character: There is no ç©¶ in font nullfont!
Missing character: There is no äºº in font nullfont!
Missing character: There is no å‘˜ in font nullfont!
Missing character: There is no çš„ in font nullfont!
Missing character: There is no è§† in font nullfont!
Missing character: There is no é‡ in font nullfont!
Missing character: There is no ï¼Œ in font nullfont!
Missing character: There is no å¹¶ in font nullfont!
Missing character: There is no ä¸” in font nullfont!
Missing character: There is no æˆ in font nullfont!
Missing character: There is no åŠŸ in font nullfont!
Missing character: There is no ç”¨ in font nullfont!
Missing character: There is no äº in font nullfont!
Missing character: There is no D in font nullfont!
Missing character: There is no S in font nullfont!
Missing character: There is no L in font nullfont!
Missing character: There is no ã€ in font nullfont!
Missing character: There is no W in font nullfont!
Missing character: There is no C in font nullfont!
Missing character: There is no D in font nullfont!
Missing character: There is no M in font nullfont!
Missing character: There is no A in font nullfont!
Missing character: There is no ç­‰ in font nullfont!
Missing character: There is no é€š in font nullfont!
Missing character: There is no ä¿¡ in font nullfont!
Missing character: There is no ç³» in font nullfont!
Missing character: There is no ç»Ÿ in font nullfont!
Missing character: There is no ã€‚ in font nullfont!
Missing character: There is no å‰ in font nullfont!
Missing character: There is no é¢ in font nullfont!
Missing character: There is no æˆ‘ in font nullfont!
Missing character: There is no ä»¬ in font nullfont!
Missing character: There is no å·² in font nullfont!
Missing character: There is no ç» in font nullfont!
Missing character: There is no ä»‹ in font nullfont!
Missing character: There is no ç» in font nullfont!
Missing character: There is no è¿‡ in font nullfont!
Missing character: There is no O in font nullfont!
Missing character: There is no F in font nullfont!
Missing character: There is no D in font nullfont!
Missing character: There is no M in font nullfont!
Missing character: There is no ç³» in font nullfont!
Missing character: There is no ç»Ÿ in font nullfont!
Missing character: There is no åŠ in font nullfont!
Missing character: There is no å…¶ in font nullfont!
Missing character: There is no ä¿¡ in font nullfont!
Missing character: There is no é“ in font nullfont!
Missing character: There is no ä¼° in font nullfont!
Missing character: There is no è®¡ in font nullfont!
Missing character: There is no çš„ in font nullfont!
Missing character: There is no æ–¹ in font nullfont!
Missing character: There is no æ³• in font nullfont!
Missing character: There is no ï¼Œ in font nullfont!
Missing character: There is no å·² in font nullfont!
Missing character: There is no ç» in font nullfont!
Missing character: There is no äº† in font nullfont!
Missing character: There is no è§£ in font nullfont!
Missing character: There is no O in font nullfont!
Missing character: There is no F in font nullfont!
Missing character: There is no D in font nullfont!
Missing character: There is no M in font nullfont!
Missing character: There is no æŠ€ in font nullfont!
Missing character: There is no æœ¯ in font nullfont!
Missing character: There is no æ˜¯ in font nullfont!
Missing character: There is no æŠŠ in font nullfont!
Missing character: There is no å® in font nullfont!
Missing character: There is no é™… in font nullfont!
Missing character: There is no é€š in font nullfont!
Missing character: There is no ä¿¡ in font nullfont!
Missing character: There is no ä¿¡ in font nullfont!
Missing character: There is no é“ in font nullfont!
Missing character: There is no åˆ’ in font nullfont!
Missing character: There is no åˆ† in font nullfont!
Missing character: There is no æˆ in font nullfont!
Missing character: There is no è‹¥ in font nullfont!
Missing character: There is no å¹² in font nullfont!
Missing character: There is no ä¸ª in font nullfont!
Missing character: There is no å­ in font nullfont!
Missing character: There is no ä¿¡ in font nullfont!
Missing character: There is no é“ in font nullfont!
Missing character: There is no ï¼Œ in font nullfont!
Missing character: There is no æ¯ in font nullfont!
Missing character: There is no ä¸ª in font nullfont!
Missing character: There is no å­ in font nullfont!
Missing character: There is no ä¿¡ in font nullfont!
Missing character: There is no é“ in font nullfont!
Missing character: There is no å¯ in font nullfont!
Missing character: There is no ä»¥ in font nullfont!
Missing character: There is no è®¤ in font nullfont!
Missing character: There is no ä¸º in font nullfont!
Missing character: There is no æ˜¯ in font nullfont!
Missing character: There is no t in font nullfont!
Missing character: There is no ç‹¬ in font nullfont!
Missing character: There is no ç«‹ in font nullfont!
Missing character: There is no ä¼  in font nullfont!
Missing character: There is no è¾“ in font nullfont!
Missing character: There is no çš„ in font nullfont!
Missing character: There is no ï¼Œ in font nullfont!
Missing character: There is no å¦‚ in font nullfont!
Missing character: There is no æœ in font nullfont!
Missing character: There is no æ‰€ in font nullfont!
Missing character: There is no æœ‰ in font nullfont!
Missing character: There is no çš„ in font nullfont!
Missing character: There is no å­ in font nullfont!
Missing character: There is no è½½ in font nullfont!
Missing character: There is no æ³¢ in font nullfont!
Missing character: There is no ä¸Š in font nullfont!
Missing character: There is no éƒ½ in font nullfont!
Missing character: There is no ä½¿ in font nullfont!
Missing character: There is no ç”¨ in font nullfont!
Missing character: There is no åŒ in font nullfont!
Missing character: There is no æ · in font nullfont!
Missing character: There is no çš„ in font nullfont!
Missing character: There is no è°ƒ in font nullfont!
Missing character: There is no åˆ¶ in font nullfont!
Missing character: There is no æ–¹ in font nullfont!
Missing character: There is no å¼ in font nullfont!
Missing character: There is no ï¼Œ in font nullfont!
Missing character: There is no é‚£ in font nullfont!
Missing character: There is no ä¹ˆ in font nullfont!
Missing character: There is no æ•´ in font nullfont!
Missing character: There is no ä¸ª in font nullfont!
Missing character: There is no ç³» in font nullfont!
Missing character: There is no ç»Ÿ in font nullfont!
Missing character: There is no çš„ in font nullfont!
Missing character: There is no è¯¯ in font nullfont!
Missing character: There is no æ¯” in font nullfont!
Missing character: There is no ç‰¹ in font nullfont!
Missing character: There is no ç‡ in font nullfont!
Missing character: There is no æ€§ in font nullfont!
Missing character: There is no èƒ½ in font nullfont!
Missing character: There is no å°± in font nullfont!
Missing character: There is no ç”± in font nullfont!
Missing character: There is no é‚£ in font nullfont!
Missing character: There is no äº› in font nullfont!
Missing character: There is no å¤„ in font nullfont!
Missing character: There is no äº in font nullfont!
Missing character: There is no æ·± in font nullfont!
Missing character: There is no è¡° in font nullfont!
Missing character: There is no è½ in font nullfont!
Missing character: There is no å¤„ in font nullfont!
Missing character: There is no çš„ in font nullfont!
Missing character: There is no å­ in font nullfont!
Missing character: There is no è½½ in font nullfont!
Missing character: There is no æ³¢ in font nullfont!
Missing character: There is no å†³ in font nullfont!
Missing character: There is no å®š in font nullfont!
Missing character: There is no ï¼Œ in font nullfont!
Missing character: There is no å¦‚ in font nullfont!
Missing character: There is no åœ¨ in font nullfont!
Missing character: There is no å‰ in font nullfont!
Missing character: There is no ä¸¤ in font nullfont!
Missing character: There is no ç«  in font nullfont!
Missing character: There is no å·² in font nullfont!
Missing character: There is no ç» in font nullfont!
Missing character: There is no ä»‹ in font nullfont!
Missing character: There is no ç» in font nullfont!
Missing character: There is no å®¤ in font nullfont!
Missing character: There is no å†… in font nullfont!
Missing character: There is no å¯ in font nullfont!
Missing character: There is no è§ in font nullfont!
Missing character: There is no å…‰ in font nullfont!
Missing character: There is no ä¿¡ in font nullfont!
Missing character: There is no é“ in font nullfont!
Missing character: There is no å°± in font nullfont!
Missing character: There is no æ˜¯ in font nullfont!
Missing character: There is no ä½ in font nullfont!
Missing character: There is no é€š in font nullfont!
Missing character: There is no çš„ in font nullfont!
Missing character: There is no ï¼Œ in font nullfont!
Missing character: There is no åˆ™ in font nullfont!
Missing character: There is no æ­¤ in font nullfont!
Missing character: There is no æ—¶ in font nullfont!
Missing character: There is no é«˜ in font nullfont!
Missing character: There is no é¢‘ in font nullfont!
Missing character: There is no çš„ in font nullfont!
Missing character: There is no å­ in font nullfont!
Missing character: There is no è½½ in font nullfont!
Missing character: There is no æ³¢ in font nullfont!
Missing character: There is no å†³ in font nullfont!
Missing character: There is no å®š in font nullfont!
Missing character: There is no äº† in font nullfont!
Missing character: There is no æ•´ in font nullfont!
Missing character: There is no ä¸ª in font nullfont!
Missing character: There is no ç³» in font nullfont!
Missing character: There is no ç»Ÿ in font nullfont!
Missing character: There is no çš„ in font nullfont!
Missing character: There is no æ€§ in font nullfont!
Missing character: There is no èƒ½ in font nullfont!
Missing character: There is no ï¼Œ in font nullfont!
Missing character: There is no è¿™ in font nullfont!
Missing character: There is no æ · in font nullfont!
Missing character: There is no çš„ in font nullfont!
Missing character: There is no æ–¹ in font nullfont!
Missing character: There is no æ³• in font nullfont!
Missing character: There is no æ˜¾ in font nullfont!
Missing character: There is no ç„¶ in font nullfont!
Missing character: There is no æ˜¯ in font nullfont!
Missing character: There is no ä¸ in font nullfont!
Missing character: There is no åˆ in font nullfont!
Missing character: There is no ç† in font nullfont!
Missing character: There is no çš„ in font nullfont!
Missing character: There is no ï¼Œ in font nullfont!
Missing character: There is no æ‰€ in font nullfont!
Missing character: There is no ä»¥ in font nullfont!
Missing character: There is no åœ¨ in font nullfont!
Missing character: There is no ç¬¬ in font nullfont!
Missing character: There is no ä¸‰ in font nullfont!
Missing character: There is no ç«  in font nullfont!
Missing character: There is no çš„ in font nullfont!
Missing character: There is no ä»¿ in font nullfont!
Missing character: There is no çœŸ in font nullfont!
Missing character: There is no ä¸­ in font nullfont!
Missing character: There is no å°± in font nullfont!
Missing character: There is no ä½¿ in font nullfont!
Missing character: There is no ç”¨ in font nullfont!
Missing character: There is no äº† in font nullfont!
Missing character: There is no è¡¨ in font nullfont!
! Undefined control sequence.
<write> ...erence `tab:modOrder' on page \thepage 
                                                  \space undefined\on@line .^^J
l.3 ...„ä»¿çœŸä¸­å°±ä½¿ç”¨äº†è¡¨\ref{tab:modOrder}
                                                  æ‰€ç¤ºçš„è°ƒåˆ¶ç­–ç•¥ï¼Œä½...
The control sequence at the end of the top line
of your error message was never \def'ed. If you have
misspelled it (e.g., `\hobx'), type `I' and the correct
spelling (e.g., `I\hbox'). Otherwise just continue,
and I'll forget about whatever was undefined.


LaTeX Warning: Reference `tab:modOrder' on page  undefined on input line 3.

Missing character: There is no æ‰€ in font nullfont!
Missing character: There is no ç¤º in font nullfont!
Missing character: There is no çš„ in font nullfont!
Missing character: There is no è°ƒ in font nullfont!
Missing character: There is no åˆ¶ in font nullfont!
Missing character: There is no ç­– in font nullfont!
Missing character: There is no ç•¥ in font nullfont!
Missing character: There is no ï¼Œ in font nullfont!
Missing character: There is no ä½† in font nullfont!
Missing character: There is no æ˜¯ in font nullfont!
Missing character: There is no ä¹‹ in font nullfont!
Missing character: There is no å‰ in font nullfont!
Missing character: There is no å¾— in font nullfont!
Missing character: There is no åˆ° in font nullfont!
Missing character: There is no è¿™ in font nullfont!
Missing character: There is no æ · in font nullfont!
Missing character: There is no çš„ in font nullfont!
Missing character: There is no ç­– in font nullfont!
Missing character: There is no ç•¥ in font nullfont!
Missing character: There is no æ˜¯ in font nullfont!
Missing character: There is no ç”± in font nullfont!
Missing character: There is no ä¸» in font nullfont!
Missing character: There is no è§‚ in font nullfont!
Missing character: There is no åˆ¤ in font nullfont!
Missing character: There is no æ–­ in font nullfont!
Missing character: There is no å¾— in font nullfont!
Missing character: There is no åˆ° in font nullfont!
Missing character: There is no çš„ in font nullfont!
Missing character: There is no ï¼Œ in font nullfont!
Missing character: There is no è€Œ in font nullfont!
Missing character: There is no æ²¡ in font nullfont!
Missing character: There is no æœ‰ in font nullfont!
Missing character: There is no å…… in font nullfont!
Missing character: There is no è¶³ in font nullfont!
Missing character: There is no çš„ in font nullfont!
Missing character: There is no ç† in font nullfont!
Missing character: There is no è®º in font nullfont!
Missing character: There is no ä¾ in font nullfont!
Missing character: There is no æ® in font nullfont!
Missing character: There is no ã€‚ in font nullfont!
Missing character: There is no æœ¬ in font nullfont!
Missing character: There is no ç«  in font nullfont!
Missing character: There is no å°† in font nullfont!
Missing character: There is no è¯¦ in font nullfont!
Missing character: There is no ç»† in font nullfont!
Missing character: There is no ä»‹ in font nullfont!
Missing character: There is no ç» in font nullfont!
Missing character: There is no O in font nullfont!
Missing character: There is no F in font nullfont!
Missing character: There is no D in font nullfont!
Missing character: There is no M in font nullfont!
Missing character: There is no è‡ª in font nullfont!
Missing character: There is no é€‚ in font nullfont!
Missing character: There is no åº” in font nullfont!
Missing character: There is no æŠ€ in font nullfont!
Missing character: There is no æœ¯ in font nullfont!
Missing character: There is no åŠ in font nullfont!
Missing character: There is no å…¶ in font nullfont!
Missing character: There is no åœ¨ in font nullfont!
Missing character: There is no å¯ in font nullfont!
Missing character: There is no è§ in font nullfont!
Missing character: There is no å…‰ in font nullfont!
Missing character: There is no é€š in font nullfont!
Missing character: There is no ä¿¡ in font nullfont!
Missing character: There is no ä¸­ in font nullfont!
Missing character: There is no çš„ in font nullfont!
Missing character: There is no åº” in font nullfont!
Missing character: There is no ç”¨ in font nullfont!
Missing character: There is no ï¼Œ in font nullfont!
Missing character: There is no é¦– in font nullfont!
Missing character: There is no å…ˆ in font nullfont!
Missing character: There is no å°† in font nullfont!
Missing character: There is no ä» in font nullfont!
Missing character: There is no ä¿¡ in font nullfont!
Missing character: There is no æ¯ in font nullfont!
Missing character: There is no è®º in font nullfont!
Missing character: There is no çš„ in font nullfont!
Missing character: There is no è§’ in font nullfont!
Missing character: There is no åº¦ in font nullfont!
Missing character: There is no æ¢ in font nullfont!
Missing character: There is no è®¨ in font nullfont!
Missing character: There is no è‡ª in font nullfont!
Missing character: There is no é€‚ in font nullfont!
Missing character: There is no åº” in font nullfont!
Missing character: There is no ä¼  in font nullfont!
Missing character: There is no è¾“ in font nullfont!
Missing character: There is no çš„ in font nullfont!
Missing character: There is no åŸ in font nullfont!
Missing character: There is no ç† in font nullfont!
Missing character: There is no ï¼Œ in font nullfont!
Missing character: There is no ç„¶ in font nullfont!
Missing character: There is no å in font nullfont!
Missing character: There is no å°† in font nullfont!
Missing character: There is no ä»‹ in font nullfont!
Missing character: There is no ç» in font nullfont!
Missing character: There is no ç° in font nullfont!
Missing character: There is no æœ‰ in font nullfont!
Missing character: There is no çš„ in font nullfont!
Missing character: There is no å‡  in font nullfont!
Missing character: There is no ç§ in font nullfont!
Missing character: There is no ç» in font nullfont!
Missing character: There is no å…¸ in font nullfont!
Missing character: There is no çš„ in font nullfont!
Missing character: There is no è‡ª in font nullfont!
Missing character: There is no é€‚ in font nullfont!
Missing character: There is no åº” in font nullfont!
Missing character: There is no ç®— in font nullfont!
Missing character: There is no æ³• in font nullfont!
Missing character: There is no å¹¶ in font nullfont!
Missing character: There is no ä¸” in font nullfont!
Missing character: There is no ä»¿ in font nullfont!
Missing character: There is no çœŸ in font nullfont!
Missing character: There is no åˆ† in font nullfont!
Missing character: There is no æ in font nullfont!
Missing character: There is no å®ƒ in font nullfont!
Missing character: There is no ä»¬ in font nullfont!
Missing character: There is no çš„ in font nullfont!
Missing character: There is no æ€§ in font nullfont!
Missing character: There is no èƒ½ in font nullfont!
Missing character: There is no ï¼Œ in font nullfont!
Missing character: There is no æœ€ in font nullfont!
Missing character: There is no å in font nullfont!
Missing character: There is no å°† in font nullfont!
Missing character: There is no ä»‹ in font nullfont!
Missing character: There is no ç» in font nullfont!
Missing character: There is no ä¸€ in font nullfont!
Missing character: There is no ç§ in font nullfont!
Missing character: There is no å¯ in font nullfont!
Missing character: There is no è§ in font nullfont!
Missing character: There is no å…‰ in font nullfont!
Missing character: There is no è‡ª in font nullfont!
Missing character: There is no é€‚ in font nullfont!
Missing character: There is no åº” in font nullfont!
Missing character: There is no ä¼  in font nullfont!
Missing character: There is no è¾“ in font nullfont!
Missing character: There is no æ–¹ in font nullfont!
Missing character: There is no æ¡ˆ in font nullfont!
Missing character: There is no ã€‚ in font nullfont!

! LaTeX Error: Environment figure undefined.

See the LaTeX manual or LaTeX Companion for explanation.
Type  H <return>  for immediate help.
 ...                                              
                                                  
l.4 \begin{figure}
                  [htbp]
Your command was ignored.
Type  I <command> <return>  to replace it with another command,
or  <return>  to continue without it.

Missing character: There is no [ in font nullfont!
Missing character: There is no h in font nullfont!
Missing character: There is no t in font nullfont!
Missing character: There is no b in font nullfont!
Missing character: There is no p in font nullfont!
Missing character: There is no ] in font nullfont!
! Undefined control sequence.
l.6 \includegraphics
                    [width=0.9\textwidth]{figures/chapter-4/water_pounding.eps}
The control sequence at the end of the top line
of your error message was never \def'ed. If you have
misspelled it (e.g., `\hobx'), type `I' and the correct
spelling (e.g., `I\hbox'). Otherwise just continue,
and I'll forget about whatever was undefined.

Missing character: There is no [ in font nullfont!
Missing character: There is no w in font nullfont!
Missing character: There is no i in font nullfont!
Missing character: There is no d in font nullfont!
Missing character: There is no t in font nullfont!
Missing character: There is no h in font nullfont!
Missing character: There is no = in font nullfont!
Missing character: There is no 0 in font nullfont!
Missing character: There is no . in font nullfont!
Missing character: There is no 9 in font nullfont!
! Missing number, treated as zero.
<to be read again> 
                   ]
l.6 \includegraphics[width=0.9\textwidth]
                                         {figures/chapter-4/water_pounding.eps}
A number should have been here; I inserted `0'.
(If you can't figure out why I needed to see a number,
look up `weird error' in the index to The TeXbook.)

! Illegal unit of measure (pt inserted).
<to be read again> 
                   ]
l.6 \includegraphics[width=0.9\textwidth]
                                         {figures/chapter-4/water_pounding.eps}
Dimensions can be in units of em, ex, in, pt, pc,
cm, mm, dd, cc, bp, or sp; but yours is a new one!
I'll assume that you meant to say pt, for printer's points.
To recover gracefully from this error, it's best to
delete the erroneous units; e.g., type `2' to delete
two letters. (See Chapter 27 of The TeXbook.)

Missing character: There is no ] in font nullfont!
Missing character: There is no f in font nullfont!
Missing character: There is no i in font nullfont!
Missing character: There is no g in font nullfont!
Missing character: There is no u in font nullfont!
Missing character: There is no r in font nullfont!
Missing character: There is no e in font nullfont!
Missing character: There is no s in font nullfont!
Missing character: There is no / in font nullfont!
Missing character: There is no c in font nullfont!
Missing character: There is no h in font nullfont!
Missing character: There is no a in font nullfont!
Missing character: There is no p in font nullfont!
Missing character: There is no t in font nullfont!
Missing character: There is no e in font nullfont!
Missing character: There is no r in font nullfont!
Missing character: There is no - in font nullfont!
Missing character: There is no 4 in font nullfont!
Missing character: There is no / in font nullfont!
Missing character: There is no w in font nullfont!
Missing character: There is no a in font nullfont!
Missing character: There is no t in font nullfont!
Missing character: There is no e in font nullfont!
Missing character: There is no r in font nullfont!
! Missing $ inserted.
<inserted text> 
                $
l.6 ...dth=0.9\textwidth]{figures/chapter-4/water_
                                                  pounding.eps}
I've inserted a begin-math/end-math symbol since I think
you left one out. Proceed, with fingers crossed.

LaTeX Font Info:    External font `cmex10' loaded for size
(Font)              <7> on input line 6.
LaTeX Font Info:    External font `cmex10' loaded for size
(Font)              <5> on input line 6.
! Extra }, or forgotten $.
l.6 ...idth]{figures/chapter-4/water_pounding.eps}
                                                  
I've deleted a group-closing symbol because it seems to be
spurious, as in `$x}$'. But perhaps the } is legitimate and
you forgot something else, as in `\hbox{$x}'. In such cases
the way to recover is to insert both the forgotten and the
deleted material, e.g., by typing `I$}'.


! LaTeX Error: \caption outside float.

See the LaTeX manual or LaTeX Companion for explanation.
Type  H <return>  for immediate help.
 ...                                              
                                                  
l.7 \caption
            {SNR=25 dBæ—¶ä¸åŒå­è½½æ³¢ä¸Šçš„è¯¯æ¯”ç‰¹ç‡}
You're in trouble here.  Try typing  <return>  to proceed.
If that doesn't work, type  X <return>  to quit.


! LaTeX Error: \begin{document} ended by \end{figure}.

See the LaTeX manual or LaTeX Companion for explanation.
Type  H <return>  for immediate help.
 ...                                              
                                                  
l.9 \end{figure}
                
Your command was ignored.
Type  I <command> <return>  to replace it with another command,
or  <return>  to continue without it.

! Missing $ inserted.
<inserted text> 
                $
l.9 \end{figure}
                
I've inserted something that you may have forgotten.
(See the <inserted text> above.)
With luck, this will get me unwedged. But if you
really didn't forget anything, try typing `2' now; then
my insertion and my current dilemma will both disappear.

Missing character: There is no æ—¶ in font cmmi10!
Missing character: There is no ä¸ in font cmmi10!
Missing character: There is no åŒ in font cmmi10!
Missing character: There is no å­ in font cmmi10!
Missing character: There is no è½½ in font cmmi10!
Missing character: There is no æ³¢ in font cmmi10!
Missing character: There is no ä¸Š in font cmmi10!
Missing character: There is no çš„ in font cmmi10!
Missing character: There is no è¯¯ in font cmmi10!
Missing character: There is no æ¯” in font cmmi10!
Missing character: There is no ç‰¹ in font cmmi10!
Missing character: There is no ç‡ in font cmmi10!
! Missing } inserted.
<inserted text> 
                }
l.9 \end{figure}
                
I've inserted something that you may have forgotten.
(See the <inserted text> above.)
With luck, this will get me unwedged. But if you
really didn't forget anything, try typing `2' now; then
my insertion and my current dilemma will both disappear.

)
! Emergency stop.
<*> chapter-4.tex
                 
*** (job aborted, no legal \end found)

 
Here is how much of TeX's memory you used:
 13 strings out of 493727
 145 string characters out of 6147889
 53050 words of memory out of 5000000
 3440 multiletter control sequences out of 15000+600000
 3948 words of font info for 15 fonts, out of 8000000 for 9000
 1328 hyphenation exceptions out of 8191
 20i,2n,26p,589b,93s stack positions out of 5000i,500n,10000p,200000b,80000s
No pages of output.
